<?xml version="1.0" encoding="UTF-8"?>
<!-- Generated by org.testng.reporters.JUnitReportReporter -->
<testsuite hostname="LAPTOP-1DSDOME4" failures="0" tests="5" name="CrossCutting.FndManagement" time="0.007" errors="0" timestamp="2021-08-22T20:04:47 IST" skipped="1">
  <testcase classname="CrossCutting.FndManagement" name="Delete" time="0.001"/>
  <system-out/>
  <testcase classname="CrossCutting.FndManagement" name="FndContractBO" time="0.002"/>
  <system-out/>
  <testcase classname="CrossCutting.FndManagement" name="FndClaimBO" time="0.001"/>
  <system-out/>
  <testcase classname="CrossCutting.FndManagement" name="FndPersonBO" time="0.003"/>
  <system-out/>
  <testcase classname="CrossCutting.FndManagement" name="Move">
    <skipped/>
  </testcase> <!-- Move -->
  <system-out/>
</testsuite> <!-- CrossCutting.FndManagement -->
