<?xml version="1.0" encoding="UTF-8"?>
<!-- Generated by org.testng.reporters.JUnitReportReporter -->
<testsuite hostname="LAPTOP-1DSDOME4" failures="0" tests="2" name="testNG.TestTwo" time="0.002" errors="0" timestamp="2021-08-21T17:51:58 IST" skipped="0">
  <testcase classname="testNG.TestTwo" name="Diploma2" time="0.001"/>
  <system-out/>
  <testcase classname="testNG.TestTwo" name="Diploma1" time="0.001"/>
  <system-out/>
</testsuite> <!-- testNG.TestTwo -->
