<?xml version="1.0" encoding="UTF-8"?>
<!-- Generated by org.testng.reporters.JUnitReportReporter -->
<testsuite hostname="LAPTOP-1DSDOME4" failures="0" tests="4" name="CrossCutting.TaskManagement" time="0.010" errors="0" timestamp="2021-08-22T20:04:46 IST" skipped="0">
  <testcase classname="CrossCutting.TaskManagement" name="Automatictask" time="0.006"/>
  <system-out/>
  <testcase classname="CrossCutting.TaskManagement" name="TaskNote" time="0.001"/>
  <system-out/>
  <testcase classname="CrossCutting.TaskManagement" name="Taskdelete" time="0.002"/>
  <system-out/>
  <testcase classname="CrossCutting.TaskManagement" name="TaskAdd" time="0.001"/>
  <system-out/>
</testsuite> <!-- CrossCutting.TaskManagement -->
