<?xml version="1.0" encoding="UTF-8"?>
<!-- Generated by org.testng.reporters.JUnitReportReporter -->
<testsuite hostname="LAPTOP-1DSDOME4" failures="0" tests="2" name="testNG.TestOne" time="0.011" errors="0" timestamp="2021-08-21T17:51:58 IST" skipped="0">
  <testcase classname="testNG.TestOne" name="One" time="0.010"/>
  <system-out/>
  <testcase classname="testNG.TestOne" name="Two" time="0.001"/>
  <system-out/>
</testsuite> <!-- testNG.TestOne -->
