<?xml version="1.0" encoding="UTF-8"?>
<!-- Generated by org.testng.reporters.JUnitReportReporter -->
<testsuite hostname="LAPTOP-1DSDOME4" failures="0" tests="7" name="CrossCutting.DocumentManagement" time="0.009" errors="0" timestamp="2021-08-22T20:04:46 IST" skipped="0">
  <testcase classname="CrossCutting.DocumentManagement" name="DocIPP" time="0.001"/>
  <system-out/>
  <testcase classname="CrossCutting.DocumentManagement" name="Paymentsch" time="0.001"/>
  <system-out/>
  <testcase classname="CrossCutting.DocumentManagement" name="Sepa" time="0.001"/>
  <system-out/>
  <testcase classname="CrossCutting.DocumentManagement" name="DocCreatecm" time="0.001"/>
  <system-out/>
  <testcase classname="CrossCutting.DocumentManagement" name="Paymentsch" time="0.002"/>
  <system-out/>
  <testcase classname="CrossCutting.DocumentManagement" name="Paymentsch" time="0.001"/>
  <system-out/>
  <testcase classname="CrossCutting.DocumentManagement" name="DocBatch" time="0.002"/>
  <system-out/>
</testsuite> <!-- CrossCutting.DocumentManagement -->
